<?xml version="1.0" encoding="UTF-8"?>
<!-- Generated by org.testng.reporters.JUnitReportReporter -->
<testsuite hostname="LAPTOP-SRBI3J8E" failures="0" tests="3" name="ShopperLogin.TestNGPrg1" time="43.232" errors="0" timestamp="2023-09-16T11:42:36 IST" skipped="1">
  <testcase classname="ShopperLogin.TestNGPrg1" name="TC_Login_002" time="4.602"/>
  <testcase classname="ShopperLogin.TestNGPrg1" name="TC_Login_003" time="38.630"/>
  <testcase classname="ShopperLogin.TestNGPrg1" name="TC_Login_001">
    <skipped/>
  </testcase> <!-- TC_Login_001 -->
</testsuite> <!-- ShopperLogin.TestNGPrg1 -->
